Flow report for hello_world
Thu Mar 10 19:15:49 2016
Quartus II 64-Bit Version 13.0.1 Build 232 06/12/2013 Service Pack 1 SJ Full Version


---------------------
; Table of Contents ;
---------------------
  1. Legal Notice
  2. Flow Summary
  3. Flow Settings
  4. Flow Non-Default Global Settings
  5. Flow Elapsed Time
  6. Flow OS Summary
  7. Flow Log
  8. Flow Messages
  9. Flow Suppressed Messages



----------------
; Legal Notice ;
----------------
Copyright (C) 1991-2013 Altera Corporation
Your use of Altera Corporation's design tools, logic functions 
and other software and tools, and its AMPP partner logic 
functions, and any output files from any of the foregoing 
(including device programming or simulation files), and any 
associated documentation or information are expressly subject 
to the terms and conditions of the Altera Program License 
Subscription Agreement, Altera MegaCore Function License 
Agreement, or other applicable license agreement, including, 
without limitation, that your use is for the sole purpose of 
programming logic devices manufactured by Altera and sold by 
Altera or its authorized distributors.  Please refer to the 
applicable agreement for further details.



+---------------------------------------------------------------------------------------+
; Flow Summary                                                                          ;
+------------------------------------+--------------------------------------------------+
; Flow Status                        ; Successful - Thu Mar 10 19:15:27 2016            ;
; Quartus II 64-Bit Version          ; 13.0.1 Build 232 06/12/2013 SP 1 SJ Full Version ;
; Revision Name                      ; hello_world                                      ;
; Top-level Entity Name              ; hello_world                                      ;
; Family                             ; Cyclone III                                      ;
; Device                             ; EP3C16F484C6                                     ;
; Timing Models                      ; Final                                            ;
; Total logic elements               ; 13,525 / 15,408 ( 88 % )                         ;
;     Total combinational functions  ; 13,038 / 15,408 ( 85 % )                         ;
;     Dedicated logic registers      ; 4,248 / 15,408 ( 28 % )                          ;
; Total registers                    ; 4316                                             ;
; Total pins                         ; 47 / 347 ( 14 % )                                ;
; Total virtual pins                 ; 0                                                ;
; Total memory bits                  ; 291,975 / 516,096 ( 57 % )                       ;
; Embedded Multiplier 9-bit elements ; 18 / 112 ( 16 % )                                ;
; Total PLLs                         ; 1 / 4 ( 25 % )                                   ;
+------------------------------------+--------------------------------------------------+


+-----------------------------------------+
; Flow Settings                           ;
+-------------------+---------------------+
; Option            ; Setting             ;
+-------------------+---------------------+
; Start date & time ; 03/10/2016 19:11:24 ;
; Main task         ; Compilation         ;
; Revision Name     ; hello_world         ;
+-------------------+---------------------+


+-----------------------------------------------------------------------------------------------------------------------------------------------------------------------------------------------+
; Flow Non-Default Global Settings                                                                                                                                                              ;
+-------------------------------------+----------------------------------------------------------------+---------------+-----------------------------------------------------------+------------+
; Assignment Name                     ; Value                                                          ; Default Value ; Entity Name                                               ; Section Id ;
+-------------------------------------+----------------------------------------------------------------+---------------+-----------------------------------------------------------+------------+
; COMPILER_SIGNATURE_ID               ; 27114225266798.145763708401072                                 ; --            ; --                                                        ; --         ;
; IP_TOOL_ENV                         ; Qsys                                                           ; --            ; altera_avalon_sc_fifo                                     ; --         ;
; IP_TOOL_ENV                         ; Qsys                                                           ; --            ; altera_customins_master_translator                        ; --         ;
; IP_TOOL_ENV                         ; Qsys                                                           ; --            ; altera_customins_slave_translator                         ; --         ;
; IP_TOOL_ENV                         ; Qsys                                                           ; --            ; altera_merlin_burst_adapter                               ; --         ;
; IP_TOOL_ENV                         ; Qsys                                                           ; --            ; altera_merlin_master_agent                                ; --         ;
; IP_TOOL_ENV                         ; Qsys                                                           ; --            ; altera_merlin_master_translator                           ; --         ;
; IP_TOOL_ENV                         ; Qsys                                                           ; --            ; altera_merlin_slave_agent                                 ; --         ;
; IP_TOOL_ENV                         ; Qsys                                                           ; --            ; altera_merlin_slave_translator                            ; --         ;
; IP_TOOL_ENV                         ; Qsys                                                           ; --            ; altera_merlin_traffic_limiter                             ; --         ;
; IP_TOOL_ENV                         ; Qsys                                                           ; --            ; altera_merlin_width_adapter                               ; --         ;
; IP_TOOL_ENV                         ; Qsys                                                           ; --            ; altera_reset_controller                                   ; --         ;
; IP_TOOL_ENV                         ; Qsys                                                           ; --            ; nios2_cordic                                              ; --         ;
; IP_TOOL_ENV                         ; Qsys                                                           ; --            ; nios2_cordic_addr_router                                  ; --         ;
; IP_TOOL_ENV                         ; Qsys                                                           ; --            ; nios2_cordic_addr_router_001                              ; --         ;
; IP_TOOL_ENV                         ; Qsys                                                           ; --            ; nios2_cordic_altpll                                       ; --         ;
; IP_TOOL_ENV                         ; Qsys                                                           ; --            ; nios2_cordic_cmd_xbar_demux                               ; --         ;
; IP_TOOL_ENV                         ; Qsys                                                           ; --            ; nios2_cordic_cmd_xbar_demux_001                           ; --         ;
; IP_TOOL_ENV                         ; Qsys                                                           ; --            ; nios2_cordic_cmd_xbar_mux                                 ; --         ;
; IP_TOOL_ENV                         ; Qsys                                                           ; --            ; nios2_cordic_cpu                                          ; --         ;
; IP_TOOL_ENV                         ; Qsys                                                           ; --            ; nios2_cordic_cpu_custom_instruction_master_multi_xconnect ; --         ;
; IP_TOOL_ENV                         ; Qsys                                                           ; --            ; nios2_cordic_id_router                                    ; --         ;
; IP_TOOL_ENV                         ; Qsys                                                           ; --            ; nios2_cordic_id_router_001                                ; --         ;
; IP_TOOL_ENV                         ; Qsys                                                           ; --            ; nios2_cordic_id_router_002                                ; --         ;
; IP_TOOL_ENV                         ; Qsys                                                           ; --            ; nios2_cordic_irq_mapper                                   ; --         ;
; IP_TOOL_ENV                         ; Qsys                                                           ; --            ; nios2_cordic_jtag_uart                                    ; --         ;
; IP_TOOL_ENV                         ; Qsys                                                           ; --            ; nios2_cordic_rsp_xbar_demux                               ; --         ;
; IP_TOOL_ENV                         ; Qsys                                                           ; --            ; nios2_cordic_rsp_xbar_demux_002                           ; --         ;
; IP_TOOL_ENV                         ; Qsys                                                           ; --            ; nios2_cordic_rsp_xbar_mux                                 ; --         ;
; IP_TOOL_ENV                         ; Qsys                                                           ; --            ; nios2_cordic_rsp_xbar_mux_001                             ; --         ;
; IP_TOOL_ENV                         ; Qsys                                                           ; --            ; nios2_cordic_sdram                                        ; --         ;
; IP_TOOL_ENV                         ; Qsys                                                           ; --            ; nios2_cordic_sysid_qsys                                   ; --         ;
; IP_TOOL_ENV                         ; Qsys                                                           ; --            ; nios2_cordic_timer                                        ; --         ;
; IP_TOOL_NAME                        ; altera_avalon_sc_fifo                                          ; --            ; altera_avalon_sc_fifo                                     ; --         ;
; IP_TOOL_NAME                        ; altera_customins_master_translator                             ; --            ; altera_customins_master_translator                        ; --         ;
; IP_TOOL_NAME                        ; altera_customins_slave_translator                              ; --            ; altera_customins_slave_translator                         ; --         ;
; IP_TOOL_NAME                        ; altera_merlin_burst_adapter                                    ; --            ; altera_merlin_burst_adapter                               ; --         ;
; IP_TOOL_NAME                        ; altera_merlin_master_agent                                     ; --            ; altera_merlin_master_agent                                ; --         ;
; IP_TOOL_NAME                        ; altera_merlin_master_translator                                ; --            ; altera_merlin_master_translator                           ; --         ;
; IP_TOOL_NAME                        ; altera_merlin_slave_agent                                      ; --            ; altera_merlin_slave_agent                                 ; --         ;
; IP_TOOL_NAME                        ; altera_merlin_slave_translator                                 ; --            ; altera_merlin_slave_translator                            ; --         ;
; IP_TOOL_NAME                        ; altera_merlin_traffic_limiter                                  ; --            ; altera_merlin_traffic_limiter                             ; --         ;
; IP_TOOL_NAME                        ; altera_merlin_width_adapter                                    ; --            ; altera_merlin_width_adapter                               ; --         ;
; IP_TOOL_NAME                        ; altera_reset_controller                                        ; --            ; altera_reset_controller                                   ; --         ;
; IP_TOOL_NAME                        ; Qsys                                                           ; --            ; nios2_cordic                                              ; --         ;
; IP_TOOL_NAME                        ; altera_merlin_router                                           ; --            ; nios2_cordic_addr_router                                  ; --         ;
; IP_TOOL_NAME                        ; altera_merlin_router                                           ; --            ; nios2_cordic_addr_router_001                              ; --         ;
; IP_TOOL_NAME                        ; altpll                                                         ; --            ; nios2_cordic_altpll                                       ; --         ;
; IP_TOOL_NAME                        ; altera_merlin_demultiplexer                                    ; --            ; nios2_cordic_cmd_xbar_demux                               ; --         ;
; IP_TOOL_NAME                        ; altera_merlin_demultiplexer                                    ; --            ; nios2_cordic_cmd_xbar_demux_001                           ; --         ;
; IP_TOOL_NAME                        ; altera_merlin_multiplexer                                      ; --            ; nios2_cordic_cmd_xbar_mux                                 ; --         ;
; IP_TOOL_NAME                        ; altera_nios2_qsys                                              ; --            ; nios2_cordic_cpu                                          ; --         ;
; IP_TOOL_NAME                        ; altera_customins_xconnect                                      ; --            ; nios2_cordic_cpu_custom_instruction_master_multi_xconnect ; --         ;
; IP_TOOL_NAME                        ; altera_merlin_router                                           ; --            ; nios2_cordic_id_router                                    ; --         ;
; IP_TOOL_NAME                        ; altera_merlin_router                                           ; --            ; nios2_cordic_id_router_001                                ; --         ;
; IP_TOOL_NAME                        ; altera_merlin_router                                           ; --            ; nios2_cordic_id_router_002                                ; --         ;
; IP_TOOL_NAME                        ; altera_irq_mapper                                              ; --            ; nios2_cordic_irq_mapper                                   ; --         ;
; IP_TOOL_NAME                        ; altera_avalon_jtag_uart                                        ; --            ; nios2_cordic_jtag_uart                                    ; --         ;
; IP_TOOL_NAME                        ; altera_merlin_demultiplexer                                    ; --            ; nios2_cordic_rsp_xbar_demux                               ; --         ;
; IP_TOOL_NAME                        ; altera_merlin_demultiplexer                                    ; --            ; nios2_cordic_rsp_xbar_demux_002                           ; --         ;
; IP_TOOL_NAME                        ; altera_merlin_multiplexer                                      ; --            ; nios2_cordic_rsp_xbar_mux                                 ; --         ;
; IP_TOOL_NAME                        ; altera_merlin_multiplexer                                      ; --            ; nios2_cordic_rsp_xbar_mux_001                             ; --         ;
; IP_TOOL_NAME                        ; altera_avalon_new_sdram_controller                             ; --            ; nios2_cordic_sdram                                        ; --         ;
; IP_TOOL_NAME                        ; altera_avalon_sysid_qsys                                       ; --            ; nios2_cordic_sysid_qsys                                   ; --         ;
; IP_TOOL_NAME                        ; altera_avalon_timer                                            ; --            ; nios2_cordic_timer                                        ; --         ;
; IP_TOOL_VERSION                     ; 13.0                                                           ; --            ; altera_avalon_sc_fifo                                     ; --         ;
; IP_TOOL_VERSION                     ; 13.0                                                           ; --            ; altera_customins_master_translator                        ; --         ;
; IP_TOOL_VERSION                     ; 13.0                                                           ; --            ; altera_customins_slave_translator                         ; --         ;
; IP_TOOL_VERSION                     ; 13.0                                                           ; --            ; altera_merlin_burst_adapter                               ; --         ;
; IP_TOOL_VERSION                     ; 13.0                                                           ; --            ; altera_merlin_master_agent                                ; --         ;
; IP_TOOL_VERSION                     ; 13.0                                                           ; --            ; altera_merlin_master_translator                           ; --         ;
; IP_TOOL_VERSION                     ; 13.0                                                           ; --            ; altera_merlin_slave_agent                                 ; --         ;
; IP_TOOL_VERSION                     ; 13.0                                                           ; --            ; altera_merlin_slave_translator                            ; --         ;
; IP_TOOL_VERSION                     ; 13.0                                                           ; --            ; altera_merlin_traffic_limiter                             ; --         ;
; IP_TOOL_VERSION                     ; 13.0                                                           ; --            ; altera_merlin_width_adapter                               ; --         ;
; IP_TOOL_VERSION                     ; 13.0                                                           ; --            ; altera_reset_controller                                   ; --         ;
; IP_TOOL_VERSION                     ; 13.0sp1                                                        ; --            ; nios2_cordic                                              ; --         ;
; IP_TOOL_VERSION                     ; 13.0                                                           ; --            ; nios2_cordic_addr_router                                  ; --         ;
; IP_TOOL_VERSION                     ; 13.0                                                           ; --            ; nios2_cordic_addr_router_001                              ; --         ;
; IP_TOOL_VERSION                     ; 13.0                                                           ; --            ; nios2_cordic_altpll                                       ; --         ;
; IP_TOOL_VERSION                     ; 13.0                                                           ; --            ; nios2_cordic_cmd_xbar_demux                               ; --         ;
; IP_TOOL_VERSION                     ; 13.0                                                           ; --            ; nios2_cordic_cmd_xbar_demux_001                           ; --         ;
; IP_TOOL_VERSION                     ; 13.0                                                           ; --            ; nios2_cordic_cmd_xbar_mux                                 ; --         ;
; IP_TOOL_VERSION                     ; 13.0                                                           ; --            ; nios2_cordic_cpu                                          ; --         ;
; IP_TOOL_VERSION                     ; 13.0                                                           ; --            ; nios2_cordic_cpu_custom_instruction_master_multi_xconnect ; --         ;
; IP_TOOL_VERSION                     ; 13.0                                                           ; --            ; nios2_cordic_id_router                                    ; --         ;
; IP_TOOL_VERSION                     ; 13.0                                                           ; --            ; nios2_cordic_id_router_001                                ; --         ;
; IP_TOOL_VERSION                     ; 13.0                                                           ; --            ; nios2_cordic_id_router_002                                ; --         ;
; IP_TOOL_VERSION                     ; 13.0                                                           ; --            ; nios2_cordic_irq_mapper                                   ; --         ;
; IP_TOOL_VERSION                     ; 13.0.1.99.2                                                    ; --            ; nios2_cordic_jtag_uart                                    ; --         ;
; IP_TOOL_VERSION                     ; 13.0                                                           ; --            ; nios2_cordic_rsp_xbar_demux                               ; --         ;
; IP_TOOL_VERSION                     ; 13.0                                                           ; --            ; nios2_cordic_rsp_xbar_demux_002                           ; --         ;
; IP_TOOL_VERSION                     ; 13.0                                                           ; --            ; nios2_cordic_rsp_xbar_mux                                 ; --         ;
; IP_TOOL_VERSION                     ; 13.0                                                           ; --            ; nios2_cordic_rsp_xbar_mux_001                             ; --         ;
; IP_TOOL_VERSION                     ; 13.0.1.99.2                                                    ; --            ; nios2_cordic_sdram                                        ; --         ;
; IP_TOOL_VERSION                     ; 13.0                                                           ; --            ; nios2_cordic_sysid_qsys                                   ; --         ;
; IP_TOOL_VERSION                     ; 13.0.1.99.2                                                    ; --            ; nios2_cordic_timer                                        ; --         ;
; MAX_CORE_JUNCTION_TEMP              ; 85                                                             ; --            ; --                                                        ; --         ;
; MIN_CORE_JUNCTION_TEMP              ; 0                                                              ; --            ; --                                                        ; --         ;
; MISC_FILE                           ; nios2_cordic/synthesis/../../nios2_cordic.cmp                  ; --            ; --                                                        ; --         ;
; MISC_FILE                           ; nios2_cordic/synthesis/../../nios2_cordic.qsys                 ; --            ; --                                                        ; --         ;
; PARTITION_COLOR                     ; 16764057                                                       ; --            ; --                                                        ; Top        ;
; PARTITION_FITTER_PRESERVATION_LEVEL ; PLACEMENT_AND_ROUTING                                          ; --            ; --                                                        ; Top        ;
; PARTITION_NETLIST_TYPE              ; SOURCE                                                         ; --            ; --                                                        ; Top        ;
; POWER_BOARD_THERMAL_MODEL           ; None (CONSERVATIVE)                                            ; --            ; --                                                        ; --         ;
; POWER_PRESET_COOLING_SOLUTION       ; 23 MM HEAT SINK WITH 200 LFPM AIRFLOW                          ; --            ; --                                                        ; --         ;
; SLD_INFO                            ; QSYS_NAME nios2_cordic HAS_SOPCINFO 1 GENERATION_ID 1457636994 ; --            ; nios2_cordic                                              ; --         ;
; SOPCINFO_FILE                       ; nios2_cordic/synthesis/../../nios2_cordic.sopcinfo             ; --            ; --                                                        ; --         ;
; SYNTHESIS_ONLY_QIP                  ; On                                                             ; --            ; --                                                        ; --         ;
; TIMEQUEST_DO_CCPP_REMOVAL           ; Off                                                            ; On            ; --                                                        ; --         ;
; TIMEQUEST_DO_REPORT_TIMING          ; On                                                             ; Off           ; --                                                        ; --         ;
+-------------------------------------+----------------------------------------------------------------+---------------+-----------------------------------------------------------+------------+


+-------------------------------------------------------------------------------------------------------------------------------+
; Flow Elapsed Time                                                                                                             ;
+---------------------------+--------------+-------------------------+---------------------+------------------------------------+
; Module Name               ; Elapsed Time ; Average Processors Used ; Peak Virtual Memory ; Total CPU Time (on all processors) ;
+---------------------------+--------------+-------------------------+---------------------+------------------------------------+
; Analysis & Synthesis      ; 00:01:34     ; 1.0                     ; 733 MB              ; 00:01:14                           ;
; Fitter                    ; 00:01:56     ; 1.3                     ; 1134 MB             ; 00:02:14                           ;
; Assembler                 ; 00:00:05     ; 1.0                     ; 480 MB              ; 00:00:03                           ;
; TimeQuest Timing Analyzer ; 00:00:20     ; 1.1                     ; 647 MB              ; 00:00:15                           ;
; Total                     ; 00:03:55     ; --                      ; --                  ; 00:03:46                           ;
+---------------------------+--------------+-------------------------+---------------------+------------------------------------+


+----------------------------------------------------------------------------------------+
; Flow OS Summary                                                                        ;
+---------------------------+------------------+-----------+------------+----------------+
; Module Name               ; Machine Hostname ; OS Name   ; OS Version ; Processor type ;
+---------------------------+------------------+-----------+------------+----------------+
; Analysis & Synthesis      ; eews303a-005     ; Windows 7 ; 6.1        ; x86_64         ;
; Fitter                    ; eews303a-005     ; Windows 7 ; 6.1        ; x86_64         ;
; Assembler                 ; eews303a-005     ; Windows 7 ; 6.1        ; x86_64         ;
; TimeQuest Timing Analyzer ; eews303a-005     ; Windows 7 ; 6.1        ; x86_64         ;
+---------------------------+------------------+-----------+------------+----------------+


------------
; Flow Log ;
------------
quartus_map --read_settings_files=on --write_settings_files=off hello_world -c hello_world
quartus_fit --read_settings_files=off --write_settings_files=off hello_world -c hello_world
quartus_asm --read_settings_files=off --write_settings_files=off hello_world -c hello_world
quartus_sta hello_world -c hello_world



