         ps       /cosine/x(0)      /cosine/x(2)      /cosine/x(4)      /cosine/x(6)      /cosine/x(8)     /cosine/x(10)     /cosine/x(12)     /cosine/x(14)     /cosine/x(16)                    
          delta            /cosine/x(1)      /cosine/x(3)      /cosine/x(5)      /cosine/x(7)      /cosine/x(9)     /cosine/x(11)     /cosine/x(13)     /cosine/x(15)                             
          0  +0       XXXXXXXX XXXXXXXX XXXXXXXX XXXXXXXX XXXXXXXX XXXXXXXX XXXXXXXX XXXXXXXX XXXXXXXX XXXXXXXX XXXXXXXX XXXXXXXX XXXXXXXX XXXXXXXX XXXXXXXX XXXXXXXX XXXXXXXX 
      20000  +1       09B74EDB XXXXXXXX XXXXXXXX XXXXXXXX XXXXXXXX XXXXXXXX XXXXXXXX XXXXXXXX XXXXXXXX XXXXXXXX XXXXXXXX XXXXXXXX XXXXXXXX XXXXXXXX XXXXXXXX XXXXXXXX XXXXXXXX 
      40000  +1       09B74EDB 09B74EDB XXXXXXXX XXXXXXXX XXXXXXXX XXXXXXXX XXXXXXXX XXXXXXXX XXXXXXXX XXXXXXXX XXXXXXXX XXXXXXXX XXXXXXXX XXXXXXXX XXXXXXXX XXXXXXXX XXXXXXXX 
      60000  +1       09B74EDB 09B74EDB 04DBA76E XXXXXXXX XXXXXXXX XXXXXXXX XXXXXXXX XXXXXXXX XXXXXXXX XXXXXXXX XXXXXXXX XXXXXXXX XXXXXXXX XXXXXXXX XXXXXXXX XXXXXXXX XXXXXXXX 
      80000  +1       09B74EDB 09B74EDB 04DBA76E 0136E9DC XXXXXXXX XXXXXXXX XXXXXXXX XXXXXXXX XXXXXXXX XXXXXXXX XXXXXXXX XXXXXXXX XXXXXXXX XXXXXXXX XXXXXXXX XXXXXXXX XXXXXXXX 
     100000  +1       09B74EDB 09B74EDB 04DBA76E 0136E9DC 033025E0 XXXXXXXX XXXXXXXX XXXXXXXX XXXXXXXX XXXXXXXX XXXXXXXX XXXXXXXX XXXXXXXX XXXXXXXX XXXXXXXX XXXXXXXX XXXXXXXX 
     120000  +1       09B74EDB 09B74EDB 04DBA76E 0136E9DC 033025E0 042A560E XXXXXXXX XXXXXXXX XXXXXXXX XXXXXXXX XXXXXXXX XXXXXXXX XXXXXXXX XXXXXXXX XXXXXXXX XXXXXXXX XXXXXXXX 
     140000  +1       09B74EDB 09B74EDB 04DBA76E 0136E9DC 033025E0 042A560E 04A5D612 XXXXXXXX XXXXXXXX XXXXXXXX XXXXXXXX XXXXXXXX XXXXXXXX XXXXXXXX XXXXXXXX XXXXXXXX XXXXXXXX 
     160000  +1       09B74EDB 09B74EDB 04DBA76E 0136E9DC 033025E0 042A560E 04A5D612 04689B5B XXXXXXXX XXXXXXXX XXXXXXXX XXXXXXXX XXXXXXXX XXXXXXXX XXXXXXXX XXXXXXXX XXXXXXXX 
     180000  +1       09B74EDB 09B74EDB 04DBA76E 0136E9DC 033025E0 042A560E 04A5D612 04689B5B 04875DE5 XXXXXXXX XXXXXXXX XXXXXXXX XXXXXXXX XXXXXXXX XXXXXXXX XXXXXXXX XXXXXXXX 
     200000  +1       09B74EDB 09B74EDB 04DBA76E 0136E9DC 033025E0 042A560E 04A5D612 04689B5B 04875DE5 0496B658 XXXXXXXX XXXXXXXX XXXXXXXX XXXXXXXX XXXXXXXX XXXXXXXX XXXXXXXX 
     220000  +1       09B74EDB 09B74EDB 04DBA76E 0136E9DC 033025E0 042A560E 04A5D612 04689B5B 04875DE5 0496B658 048F0C62 XXXXXXXX XXXXXXXX XXXXXXXX XXXXXXXX XXXXXXXX XXXXXXXX 
     240000  +1       09B74EDB 09B74EDB 04DBA76E 0136E9DC 033025E0 042A560E 04A5D612 04689B5B 04875DE5 0496B658 048F0C62 048B36D5 XXXXXXXX XXXXXXXX XXXXXXXX XXXXXXXX XXXXXXXX 
     260000  +1       09B74EDB 09B74EDB 04DBA76E 0136E9DC 033025E0 042A560E 04A5D612 04689B5B 04875DE5 0496B658 048F0C62 048B36D5 04894BEA XXXXXXXX XXXXXXXX XXXXXXXX XXXXXXXX 
     280000  +1       09B74EDB 09B74EDB 04DBA76E 0136E9DC 033025E0 042A560E 04A5D612 04689B5B 04875DE5 0496B658 048F0C62 048B36D5 04894BEA 048A4168 XXXXXXXX XXXXXXXX XXXXXXXX 
     300000  +1       09B74EDB 09B74EDB 04DBA76E 0136E9DC 033025E0 042A560E 04A5D612 04689B5B 04875DE5 0496B658 048F0C62 048B36D5 04894BEA 048A4168 0489C6AB XXXXXXXX XXXXXXXX 
     320000  +1       09B74EDB 09B74EDB 04DBA76E 0136E9DC 033025E0 042A560E 04A5D612 04689B5B 04875DE5 0496B658 048F0C62 048B36D5 04894BEA 048A4168 0489C6AB 048A040A XXXXXXXX 
     340000  +1       09B74EDB 09B74EDB 04DBA76E 0136E9DC 033025E0 042A560E 04A5D612 04689B5B 04875DE5 0496B658 048F0C62 048B36D5 04894BEA 048A4168 0489C6AB 048A040A 0489E55B 
